<?xml version="1.0" encoding="UTF-8"?>
<testng-results skipped="0" failed="0" ignored="0" total="1" passed="1">
  <reporter-output>
  </reporter-output>
  <suite name="Suite1" duration-ms="43044" started-at="2020-05-12T14:20:07 IST" finished-at="2020-05-12T14:20:50 IST">
    <groups>
    </groups>
    <test name="Test1" duration-ms="43044" started-at="2020-05-12T14:20:07 IST" finished-at="2020-05-12T14:20:50 IST">
      <class name="Automation.Microservice.TestCaseClass">
        <test-method status="PASS" signature="setUp()[pri:0, instance:Automation.Microservice.TestCaseClass@643b1d11]" name="setUp" is-config="true" duration-ms="39404" started-at="2020-05-12T14:20:07 IST" finished-at="2020-05-12T14:20:46 IST">
          <reporter-output>
          </reporter-output>
        </test-method> <!-- setUp -->
        <test-method status="PASS" signature="MainTest()[pri:0, instance:Automation.Microservice.TestCaseClass@643b1d11]" name="MainTest" duration-ms="2946" started-at="2020-05-12T14:20:46 IST" finished-at="2020-05-12T14:20:49 IST">
          <reporter-output>
          </reporter-output>
        </test-method> <!-- MainTest -->
        <test-method status="PASS" signature="tearDown()[pri:0, instance:Automation.Microservice.TestCaseClass@643b1d11]" name="tearDown" is-config="true" duration-ms="664" started-at="2020-05-12T14:20:49 IST" finished-at="2020-05-12T14:20:50 IST">
          <reporter-output>
          </reporter-output>
        </test-method> <!-- tearDown -->
      </class> <!-- Automation.Microservice.TestCaseClass -->
    </test> <!-- Test1 -->
  </suite> <!-- Suite1 -->
</testng-results>
